2025-05-21 04:33:52.579 [info] Extension host with pid 4288 started
2025-05-21 04:33:52.587 [info] Lock '/home/ubuntu/.local/share/code-server/User/workspaceStorage/-24e4d172/vscode.lock': Lock acquired.
2025-05-21 04:33:52.952 [info] ExtensionService#_doActivateExtension vscode.git-base, startup: true, activationEvent: '*', root cause: vscode.git
2025-05-21 04:33:54.076 [info] ExtensionService#_doActivateExtension vscode.git, startup: true, activationEvent: '*'
2025-05-21 04:33:54.576 [info] ExtensionService#_doActivateExtension vscode.github, startup: true, activationEvent: '*'
2025-05-21 04:33:55.386 [info] Eager extensions activated
2025-05-21 04:33:55.386 [info] ExtensionService#_doActivateExtension vscode.debug-auto-launch, startup: false, activationEvent: 'onStartupFinished'
2025-05-21 04:33:55.387 [info] ExtensionService#_doActivateExtension vscode.merge-conflict, startup: false, activationEvent: 'onStartupFinished'
2025-05-21 04:33:55.965 [info] ExtensionService#_doActivateExtension vscode.emmet, startup: false, activationEvent: 'onLanguage'
2025-05-21 04:33:56.189 [info] ExtensionService#_doActivateExtension vscode.github-authentication, startup: false, activationEvent: 'onAuthenticationRequest:github'
2025-05-21 04:34:03.558 [info] ExtensionService#_doActivateExtension vscode.extension-editing, startup: false, activationEvent: 'onLanguage:markdown'
2025-05-21 04:34:03.558 [info] ExtensionService#_doActivateExtension vscode.markdown-language-features, startup: false, activationEvent: 'onLanguage:markdown'
2025-05-21 04:34:11.252 [info] ExtensionService#_doActivateExtension vscode.markdown-math, startup: false, activationEvent: 'api', root cause: vscode.markdown-language-features
2025-05-21 04:34:21.867 [info] ExtensionService#_doActivateExtension vscode.media-preview, startup: false, activationEvent: 'onCustomEditor:imagePreview.previewEditor'
2025-05-21 04:39:53.057 [info] ExtensionService#_doActivateExtension vscode.configuration-editing, startup: false, activationEvent: 'onLanguage:jsonc'
2025-05-21 04:39:53.058 [info] ExtensionService#_doActivateExtension vscode.json-language-features, startup: false, activationEvent: 'onLanguage:jsonc'
2025-05-21 04:39:53.058 [info] ExtensionService#_doActivateExtension vscode.typescript-language-features, startup: false, activationEvent: 'onLanguage:jsonc'
2025-05-21 04:41:08.407 [info] ExtensionService#_doActivateExtension vscode.npm, startup: false, activationEvent: 'onTerminalQuickFixRequest:ms-vscode.npm-command'
2025-05-21 04:41:41.361 [warning] [Decorations] CAPPING events from decorations provider vscode.git 742
2025-05-21 04:41:41.587 [warning] [Decorations] CAPPING events from decorations provider vscode.git 742
2025-05-21 04:41:46.735 [warning] [Decorations] CAPPING events from decorations provider vscode.git 742
2025-05-21 04:41:52.194 [warning] [Decorations] CAPPING events from decorations provider vscode.git 742
2025-05-21 04:41:57.239 [warning] [Decorations] CAPPING events from decorations provider vscode.git 742
2025-05-21 04:42:02.286 [warning] [Decorations] CAPPING events from decorations provider vscode.git 742
2025-05-21 04:42:06.406 [warning] [Decorations] CAPPING events from decorations provider vscode.git 743
2025-05-21 04:42:07.369 [warning] [Decorations] CAPPING events from decorations provider vscode.git 743
2025-05-21 04:42:13.263 [warning] [Decorations] CAPPING events from decorations provider vscode.git 743
2025-05-21 04:42:18.339 [warning] [Decorations] CAPPING events from decorations provider vscode.git 743
2025-05-21 04:43:51.132 [warning] [Decorations] CAPPING events from decorations provider vscode.git 743
2025-05-21 04:44:02.192 [warning] [Decorations] CAPPING events from decorations provider vscode.git 744
2025-05-21 04:44:10.251 [warning] [Decorations] CAPPING events from decorations provider vscode.git 744
