2025-05-21 04:33:55.897 [info] [main] Log level: Info
2025-05-21 04:33:55.897 [info] [main] Validating found git in: "git"
2025-05-21 04:33:55.897 [info] [main] Using git "2.34.1" from "git"
2025-05-21 04:33:55.897 [info] [Model][doInitialScan] Initial repository scan started
2025-05-21 04:33:55.897 [info] > git rev-parse --show-toplevel [8ms]
2025-05-21 04:33:55.897 [info] fatal: not a git repository (or any of the parent directories): .git
2025-05-21 04:33:55.897 [info] > git rev-parse --show-toplevel [3ms]
2025-05-21 04:33:55.897 [info] fatal: not a git repository (or any of the parent directories): .git
2025-05-21 04:33:55.897 [info] > git rev-parse --show-toplevel [3ms]
2025-05-21 04:33:55.897 [info] fatal: not a git repository (or any of the parent directories): .git
2025-05-21 04:33:55.897 [info] > git rev-parse --show-toplevel [2ms]
2025-05-21 04:33:55.897 [info] fatal: not a git repository (or any of the parent directories): .git
2025-05-21 04:33:55.897 [info] > git rev-parse --show-toplevel [2ms]
2025-05-21 04:33:55.897 [info] fatal: not a git repository (or any of the parent directories): .git
2025-05-21 04:33:55.897 [info] > git rev-parse --show-toplevel [4ms]
2025-05-21 04:33:55.897 [info] fatal: not a git repository (or any of the parent directories): .git
2025-05-21 04:33:55.897 [info] > git rev-parse --show-toplevel [74ms]
2025-05-21 04:33:55.897 [info] > git rev-parse --git-dir --git-common-dir [2ms]
2025-05-21 04:33:55.897 [info] [Model][openRepository] Opened repository (path): /home/ubuntu/.nvm
2025-05-21 04:33:55.897 [info] [Model][openRepository] Opened repository (real path): /home/ubuntu/.nvm
2025-05-21 04:33:55.897 [info] > git config --get commit.template [5ms]
2025-05-21 04:33:55.897 [info] > git rev-parse --show-toplevel [7ms]
2025-05-21 04:33:55.897 [info] fatal: not a git repository (or any of the parent directories): .git
2025-05-21 04:33:55.897 [info] > git rev-parse --show-toplevel [2ms]
2025-05-21 04:33:55.897 [info] fatal: not a git repository (or any of the parent directories): .git
2025-05-21 04:33:55.897 [info] > git for-each-ref --format %(refname)%00%(objectname)%00%(*objectname) refs/tags [14ms]
2025-05-21 04:33:55.897 [info] > git rev-parse --show-toplevel [12ms]
2025-05-21 04:33:55.897 [info] fatal: not a git repository (or any of the parent directories): .git
2025-05-21 04:33:55.897 [info] [Model][doInitialScan] Initial repository scan completed - repositories (1), closed repositories (0), parent repositories (0), unsafe repositories (0)
2025-05-21 04:33:55.897 [info] > git for-each-ref --sort -committerdate --format %(refname)%00%(objectname)%00%(*objectname) [8ms]
2025-05-21 04:33:55.897 [info] > git status -z -uall [142ms]
2025-05-21 04:33:55.899 [info] > git config --get commit.template [3ms]
2025-05-21 04:33:55.907 [info] > git for-each-ref --format %(refname)%00%(objectname)%00%(*objectname) refs/tags [3ms]
2025-05-21 04:33:55.918 [info] > git for-each-ref --sort -committerdate --format %(refname)%00%(objectname)%00%(*objectname) [3ms]
2025-05-21 04:33:55.937 [info] > git status -z -uall [26ms]
2025-05-21 04:33:56.407 [info] > git check-ignore -v -z --stdin [2ms]
2025-05-21 04:33:56.444 [info] > git rev-parse --show-toplevel [2ms]
2025-05-21 04:33:59.515 [info] > git rev-parse --show-toplevel [6ms]
2025-05-21 04:33:59.515 [info] fatal: not a git repository (or any of the parent directories): .git
2025-05-21 04:34:00.511 [info] > git rev-parse --show-toplevel [4ms]
2025-05-21 04:34:00.511 [info] fatal: not a git repository (or any of the parent directories): .git
2025-05-21 04:34:01.464 [info] > git rev-parse --show-toplevel [2ms]
2025-05-21 04:34:01.464 [info] fatal: not a git repository (or any of the parent directories): .git
2025-05-21 04:34:02.576 [info] > git rev-parse --show-toplevel [2ms]
2025-05-21 04:34:02.576 [info] fatal: not a git repository (or any of the parent directories): .git
2025-05-21 04:34:03.828 [info] > git rev-parse --show-toplevel [2ms]
2025-05-21 04:34:03.828 [info] fatal: not a git repository (or any of the parent directories): .git
2025-05-21 04:34:04.345 [info] > git rev-parse --show-toplevel [13ms]
2025-05-21 04:34:04.345 [info] fatal: not a git repository (or any of the parent directories): .git
2025-05-21 04:34:08.904 [info] > git rev-parse --show-toplevel [3ms]
2025-05-21 04:34:08.904 [info] fatal: not a git repository (or any of the parent directories): .git
2025-05-21 04:34:09.390 [info] > git rev-parse --show-toplevel [3ms]
2025-05-21 04:34:09.390 [info] fatal: not a git repository (or any of the parent directories): .git
2025-05-21 04:34:11.269 [info] > git rev-parse --show-toplevel [108ms]
2025-05-21 04:34:11.269 [info] fatal: not a git repository (or any of the parent directories): .git
2025-05-21 04:34:13.634 [info] > git rev-parse --show-toplevel [2ms]
2025-05-21 04:34:13.634 [info] fatal: not a git repository (or any of the parent directories): .git
2025-05-21 04:34:17.595 [info] > git rev-parse --show-toplevel [3ms]
2025-05-21 04:34:17.596 [info] fatal: not a git repository (or any of the parent directories): .git
2025-05-21 04:34:18.882 [info] > git rev-parse --show-toplevel [2ms]
2025-05-21 04:34:18.882 [info] fatal: not a git repository (or any of the parent directories): .git
2025-05-21 04:34:42.697 [info] > git rev-parse --show-toplevel [2ms]
2025-05-21 04:34:42.697 [info] fatal: not a git repository (or any of the parent directories): .git
2025-05-21 04:34:50.374 [info] > git rev-parse --show-toplevel [2ms]
2025-05-21 04:34:50.374 [info] fatal: not a git repository (or any of the parent directories): .git
2025-05-21 04:34:57.109 [info] > git rev-parse --show-toplevel [2ms]
2025-05-21 04:34:57.109 [info] fatal: not a git repository (or any of the parent directories): .git
2025-05-21 04:34:58.373 [info] > git rev-parse --show-toplevel [3ms]
2025-05-21 04:34:58.373 [info] fatal: not a git repository (or any of the parent directories): .git
2025-05-21 04:34:59.183 [info] > git rev-parse --show-toplevel [2ms]
2025-05-21 04:34:59.183 [info] fatal: not a git repository (or any of the parent directories): .git
2025-05-21 04:35:00.164 [info] > git rev-parse --show-toplevel [20ms]
2025-05-21 04:35:00.164 [info] fatal: not a git repository (or any of the parent directories): .git
2025-05-21 04:39:35.787 [info] > git rev-parse --show-toplevel [3ms]
2025-05-21 04:39:35.787 [info] fatal: not a git repository (or any of the parent directories): .git
2025-05-21 04:39:54.702 [info] > git rev-parse --show-toplevel [2ms]
2025-05-21 04:39:54.702 [info] fatal: not a git repository (or any of the parent directories): .git
2025-05-21 04:40:14.697 [info] > git rev-parse --show-toplevel [3ms]
2025-05-21 04:40:14.697 [info] fatal: not a git repository (or any of the parent directories): .git
2025-05-21 04:40:17.992 [info] > git check-ignore -v -z --stdin [3ms]
2025-05-21 04:40:21.454 [info] > git rev-parse --show-toplevel [2ms]
2025-05-21 04:40:21.454 [info] fatal: not a git repository (or any of the parent directories): .git
2025-05-21 04:41:41.284 [info] > git rev-parse --show-toplevel [2ms]
2025-05-21 04:41:41.290 [info] > git rev-parse --git-dir --git-common-dir [2ms]
2025-05-21 04:41:41.307 [info] [Model][openRepository] Opened repository (path): /home/ubuntu
2025-05-21 04:41:41.307 [info] [Model][openRepository] Opened repository (real path): /home/ubuntu
2025-05-21 04:41:41.316 [info] [Git][getRemotes] No remotes found in the git config file
2025-05-21 04:41:41.317 [info] > git config --get commit.template [5ms]
2025-05-21 04:41:41.318 [info] > git for-each-ref --format=%(refname)%00%(upstream:short)%00%(objectname)%00%(upstream:track)%00%(upstream:remotename)%00%(upstream:remoteref) refs/heads/master refs/remotes/master [2ms]
2025-05-21 04:41:41.318 [warning] [Git][getBranch] No such branch: master
2025-05-21 04:41:41.328 [info] > git for-each-ref --sort -committerdate --format %(refname)%00%(objectname)%00%(*objectname) [2ms]
2025-05-21 04:41:41.343 [info] > git status -z -uall [20ms]
2025-05-21 04:41:41.377 [info] > git for-each-ref --format=%(refname)%00%(upstream:short)%00%(objectname)%00%(upstream:track)%00%(upstream:remotename)%00%(upstream:remoteref) refs/heads/master refs/remotes/master [8ms]
2025-05-21 04:41:41.377 [warning] [Git][getBranch] No such branch: master
2025-05-21 04:41:41.378 [error] [GitHistoryProvider][resolveHEADMergeBase] Failed to resolve merge base for master: Error: No such branch: master.
2025-05-21 04:41:41.379 [info] > git config --get commit.template [2ms]
2025-05-21 04:41:41.383 [info] [Git][getRemotes] No remotes found in the git config file
2025-05-21 04:41:41.385 [info] > git for-each-ref --format=%(refname)%00%(upstream:short)%00%(objectname)%00%(upstream:track)%00%(upstream:remotename)%00%(upstream:remoteref) refs/heads/master refs/remotes/master [2ms]
2025-05-21 04:41:41.385 [warning] [Git][getBranch] No such branch: master
2025-05-21 04:41:41.393 [info] > git for-each-ref --sort -committerdate --format %(refname)%00%(objectname)%00%(*objectname) [2ms]
2025-05-21 04:41:41.577 [info] > git status -z -uall [189ms]
2025-05-21 04:41:42.125 [info] > git check-ignore -v -z --stdin [5ms]
2025-05-21 04:41:42.127 [info] > git check-ignore -v -z --stdin [3ms]
2025-05-21 04:41:46.702 [info] [Git][getRemotes] No remotes found in the git config file
2025-05-21 04:41:46.702 [info] > git config --get commit.template [6ms]
2025-05-21 04:41:46.704 [info] > git for-each-ref --format=%(refname)%00%(upstream:short)%00%(objectname)%00%(upstream:track)%00%(upstream:remotename)%00%(upstream:remoteref) refs/heads/master refs/remotes/master [2ms]
2025-05-21 04:41:46.704 [warning] [Git][getBranch] No such branch: master
2025-05-21 04:41:46.715 [info] > git for-each-ref --sort -committerdate --format %(refname)%00%(objectname)%00%(*objectname) [2ms]
2025-05-21 04:41:46.726 [info] > git status -z -uall [18ms]
2025-05-21 04:41:52.160 [info] > git config --get commit.template [5ms]
2025-05-21 04:41:52.162 [info] > git for-each-ref --format=%(refname)%00%(upstream:short)%00%(objectname)%00%(upstream:track)%00%(upstream:remotename)%00%(upstream:remoteref) refs/heads/master refs/remotes/master [2ms]
2025-05-21 04:41:52.162 [warning] [Git][getBranch] No such branch: master
2025-05-21 04:41:52.173 [info] > git for-each-ref --sort -committerdate --format %(refname)%00%(objectname)%00%(*objectname) [2ms]
2025-05-21 04:41:52.185 [info] > git status -z -uall [18ms]
2025-05-21 04:41:57.208 [info] > git config --get commit.template [5ms]
2025-05-21 04:41:57.210 [info] > git for-each-ref --format=%(refname)%00%(upstream:short)%00%(objectname)%00%(upstream:track)%00%(upstream:remotename)%00%(upstream:remoteref) refs/heads/master refs/remotes/master [2ms]
2025-05-21 04:41:57.210 [warning] [Git][getBranch] No such branch: master
2025-05-21 04:41:57.219 [info] > git for-each-ref --sort -committerdate --format %(refname)%00%(objectname)%00%(*objectname) [2ms]
2025-05-21 04:41:57.230 [info] > git status -z -uall [17ms]
2025-05-21 04:42:02.254 [info] > git config --get commit.template [5ms]
2025-05-21 04:42:02.255 [info] > git for-each-ref --format=%(refname)%00%(upstream:short)%00%(objectname)%00%(upstream:track)%00%(upstream:remotename)%00%(upstream:remoteref) refs/heads/master refs/remotes/master [2ms]
2025-05-21 04:42:02.256 [warning] [Git][getBranch] No such branch: master
2025-05-21 04:42:02.265 [info] > git for-each-ref --sort -committerdate --format %(refname)%00%(objectname)%00%(*objectname) [2ms]
2025-05-21 04:42:02.277 [info] > git status -z -uall [18ms]
2025-05-21 04:42:06.154 [info] > git config --get commit.template [5ms]
2025-05-21 04:42:06.155 [info] > git for-each-ref --format=%(refname)%00%(upstream:short)%00%(objectname)%00%(upstream:track)%00%(upstream:remotename)%00%(upstream:remoteref) refs/heads/master refs/remotes/master [2ms]
2025-05-21 04:42:06.155 [warning] [Git][getBranch] No such branch: master
2025-05-21 04:42:06.164 [info] > git for-each-ref --sort -committerdate --format %(refname)%00%(objectname)%00%(*objectname) [2ms]
2025-05-21 04:42:06.396 [info] > git status -z -uall [236ms]
2025-05-21 04:42:07.303 [info] > git config --get commit.template [6ms]
2025-05-21 04:42:07.304 [info] > git for-each-ref --format=%(refname)%00%(upstream:short)%00%(objectname)%00%(upstream:track)%00%(upstream:remotename)%00%(upstream:remoteref) refs/heads/master refs/remotes/master [2ms]
2025-05-21 04:42:07.304 [warning] [Git][getBranch] No such branch: master
2025-05-21 04:42:07.317 [info] > git for-each-ref --sort -committerdate --format %(refname)%00%(objectname)%00%(*objectname) [3ms]
2025-05-21 04:42:07.356 [info] > git status -z -uall [47ms]
2025-05-21 04:42:07.650 [info] > git show --textconv :.zshrc [16ms]
2025-05-21 04:42:07.651 [info] > git show --textconv HEAD:.zshrc [12ms]
2025-05-21 04:42:07.651 [info] > git ls-files --stage -- .zshrc [7ms]
2025-05-21 04:42:07.664 [info] > git cat-file -s cc13fd7cf048ff39d7f4e15162b49fffedcb5740 [8ms]
2025-05-21 04:42:07.664 [info] > git ls-tree -l HEAD -- .zshrc [15ms]
2025-05-21 04:42:07.664 [info] fatal: Not a valid object name HEAD
2025-05-21 04:42:07.669 [info] > git hash-object -t tree /dev/null [7ms]
2025-05-21 04:42:07.670 [warning] [GitFileSystemProvider][readFile] File not found - git:/home/ubuntu/.zshrc.git?%7B%22path%22%3A%22%2Fhome%2Fubuntu%2F.zshrc%22%2C%22ref%22%3A%22HEAD%22%7D
2025-05-21 04:42:07.675 [info] > git hash-object -t tree /dev/null [6ms]
2025-05-21 04:42:07.675 [warning] [GitFileSystemProvider][stat] File not found - git:/home/ubuntu/.zshrc.git?%7B%22path%22%3A%22%2Fhome%2Fubuntu%2F.zshrc%22%2C%22ref%22%3A%22HEAD%22%7D
2025-05-21 04:42:10.273 [info] > git ls-files --stage -- .zshrc [3ms]
2025-05-21 04:42:10.279 [info] > git cat-file -s cc13fd7cf048ff39d7f4e15162b49fffedcb5740 [2ms]
2025-05-21 04:42:10.575 [info] > git show --textconv :.zshrc [3ms]
2025-05-21 04:42:13.201 [info] > git config --get commit.template [6ms]
2025-05-21 04:42:13.203 [info] > git for-each-ref --format=%(refname)%00%(upstream:short)%00%(objectname)%00%(upstream:track)%00%(upstream:remotename)%00%(upstream:remoteref) refs/heads/master refs/remotes/master [3ms]
2025-05-21 04:42:13.203 [warning] [Git][getBranch] No such branch: master
2025-05-21 04:42:13.214 [info] > git for-each-ref --sort -committerdate --format %(refname)%00%(objectname)%00%(*objectname) [2ms]
2025-05-21 04:42:13.254 [info] > git status -z -uall [45ms]
2025-05-21 04:42:16.327 [info] > git ls-files --stage -- .zshrc [3ms]
2025-05-21 04:42:16.335 [info] > git cat-file -s cc13fd7cf048ff39d7f4e15162b49fffedcb5740 [3ms]
2025-05-21 04:42:16.625 [info] > git show --textconv :.zshrc [3ms]
2025-05-21 04:42:18.277 [info] > git config --get commit.template [5ms]
2025-05-21 04:42:18.278 [info] > git for-each-ref --format=%(refname)%00%(upstream:short)%00%(objectname)%00%(upstream:track)%00%(upstream:remotename)%00%(upstream:remoteref) refs/heads/main refs/remotes/main [2ms]
2025-05-21 04:42:18.279 [warning] [Git][getBranch] No such branch: main
2025-05-21 04:42:18.288 [info] > git for-each-ref --sort -committerdate --format %(refname)%00%(objectname)%00%(*objectname) [2ms]
2025-05-21 04:42:18.325 [info] > git status -z -uall [43ms]
2025-05-21 04:42:18.352 [info] > git for-each-ref --format=%(refname)%00%(upstream:short)%00%(objectname)%00%(upstream:track)%00%(upstream:remotename)%00%(upstream:remoteref) refs/heads/main refs/remotes/main [2ms]
2025-05-21 04:42:18.352 [warning] [Git][getBranch] No such branch: main
2025-05-21 04:42:18.352 [error] [GitHistoryProvider][resolveHEADMergeBase] Failed to resolve merge base for main: Error: No such branch: main.
2025-05-21 04:43:51.045 [info] > git config --get commit.template [7ms]
2025-05-21 04:43:51.046 [info] > git for-each-ref --format=%(refname)%00%(upstream:short)%00%(objectname)%00%(upstream:track)%00%(upstream:remotename)%00%(upstream:remoteref) refs/heads/main refs/remotes/main [3ms]
2025-05-21 04:43:51.047 [warning] [Git][getBranch] No such branch: main
2025-05-21 04:43:51.059 [info] > git for-each-ref --sort -committerdate --format %(refname)%00%(objectname)%00%(*objectname) [3ms]
2025-05-21 04:43:51.113 [info] > git status -z -uall [62ms]
2025-05-21 04:43:55.231 [info] > git check-ignore -v -z --stdin [3ms]
2025-05-21 04:44:02.134 [info] > git config --get commit.template [5ms]
2025-05-21 04:44:02.135 [info] > git for-each-ref --format=%(refname)%00%(upstream:short)%00%(objectname)%00%(upstream:track)%00%(upstream:remotename)%00%(upstream:remoteref) refs/heads/main refs/remotes/main [2ms]
2025-05-21 04:44:02.135 [warning] [Git][getBranch] No such branch: main
2025-05-21 04:44:02.145 [info] > git for-each-ref --sort -committerdate --format %(refname)%00%(objectname)%00%(*objectname) [2ms]
2025-05-21 04:44:02.181 [info] > git status -z -uall [42ms]
2025-05-21 04:44:10.183 [info] > git config --get commit.template [5ms]
2025-05-21 04:44:10.188 [info] > git for-each-ref --format=%(refname)%00%(upstream:short)%00%(objectname)%00%(upstream:track)%00%(upstream:remotename)%00%(upstream:remoteref) refs/heads/main refs/remotes/main [6ms]
2025-05-21 04:44:10.188 [warning] [Git][getBranch] No such branch: main
2025-05-21 04:44:10.200 [info] > git for-each-ref --sort -committerdate --format %(refname)%00%(objectname)%00%(*objectname) [4ms]
2025-05-21 04:44:10.237 [info] > git status -z -uall [45ms]
